#
# There is insufficient memory for the Java Runtime Environment to continue.
# Native memory allocation (malloc) failed to allocate 80576 bytes for Chunk::new
# Possible reasons:
#   The system is out of physical RAM or swap space
#   In 32 bit mode, the process size limit was hit
# Possible solutions:
#   Reduce memory load on the system
#   Increase physical memory or swap space
#   Check if swap backing store is full
#   Use 64 bit Java on a 64 bit OS
#   Decrease Java heap size (-Xmx/-Xms)
#   Decrease number of Java threads
#   Decrease Java thread stack sizes (-Xss)
#   Set larger code cache with -XX:ReservedCodeCacheSize=
# This output file may be truncated or incomplete.
#
#  Out of Memory Error (allocation.cpp:390), pid=18764, tid=0x0000000000004a4c
#
# JRE version: Java(TM) SE Runtime Environment (8.0_92-b14) (build 1.8.0_92-b14)
# Java VM: Java HotSpot(TM) 64-Bit Server VM (25.92-b14 mixed mode windows-amd64 compressed oops)
# Failed to write core dump. Minidumps are not enabled by default on client versions of Windows
#

---------------  T H R E A D  ---------------

Current thread (0x0000000016f0f800):  JavaThread "C2 CompilerThread2" daemon [_thread_in_native, id=19020, stack(0x00000000178d0000,0x00000000179d0000)]

Stack: [0x00000000178d0000,0x00000000179d0000]
[error occurred during error reporting (printing stack bounds), id 0xc0000005]

Native frames: (J=compiled Java code, j=interpreted, Vv=VM code, C=native code)


Current CompileTask:
C2:    553  350       4       java.lang.String::replace (127 bytes)


---------------  P R O C E S S  ---------------

Java Threads: ( => current thread )
  0x00000000171bb000 JavaThread "pool-2-thread-4" [_thread_in_vm, id=19196, stack(0x00000000180d0000,0x00000000181d0000)]
  0x00000000171ba000 JavaThread "pool-2-thread-3" [_thread_blocked, id=19192, stack(0x0000000017fd0000,0x00000000180d0000)]
  0x00000000171b8000 JavaThread "pool-2-thread-2" [_thread_in_Java, id=19188, stack(0x0000000017ed0000,0x0000000017fd0000)]
  0x00000000170ed000 JavaThread "pool-3-thread-1" [_thread_blocked, id=19184, stack(0x0000000017dd0000,0x0000000017ed0000)]
  0x00000000170e3800 JavaThread "pool-2-thread-1" [_thread_in_vm, id=19180, stack(0x0000000017cd0000,0x0000000017dd0000)]
  0x0000000016f1b000 JavaThread "Service Thread" daemon [_thread_blocked, id=19032, stack(0x0000000017ad0000,0x0000000017bd0000)]
  0x0000000016f15000 JavaThread "C1 CompilerThread3" daemon [_thread_in_native, id=19024, stack(0x00000000179d0000,0x0000000017ad0000)]
=>0x0000000016f0f800 JavaThread "C2 CompilerThread2" daemon [_thread_in_native, id=19020, stack(0x00000000178d0000,0x00000000179d0000)]
  0x0000000016f0d800 JavaThread "C2 CompilerThread1" daemon [_thread_blocked, id=19016, stack(0x00000000177d0000,0x00000000178d0000)]
  0x0000000016f09800 JavaThread "C2 CompilerThread0" daemon [_thread_blocked, id=19012, stack(0x00000000176d0000,0x00000000177d0000)]
  0x0000000016f07800 JavaThread "Attach Listener" daemon [_thread_blocked, id=19008, stack(0x00000000175d0000,0x00000000176d0000)]
  0x0000000016f06000 JavaThread "Signal Dispatcher" daemon [_thread_blocked, id=19004, stack(0x00000000174d0000,0x00000000175d0000)]
  0x00000000024de000 JavaThread "Finalizer" daemon [_thread_blocked, id=18944, stack(0x00000000172e0000,0x00000000173e0000)]
  0x0000000014ffd800 JavaThread "Reference Handler" daemon [_thread_blocked, id=18940, stack(0x0000000016de0000,0x0000000016ee0000)]
  0x000000000215d800 JavaThread "main" [_thread_blocked, id=18816, stack(0x00000000021e0000,0x00000000022e0000)]

Other Threads:
  0x0000000014ff9000 VMThread [stack: 0x0000000016ce0000,0x0000000016de0000] [id=18936]
  0x0000000016f8e800 WatcherThread [stack: 0x0000000017bd0000,0x0000000017cd0000] [id=19040]

VM state:not at safepoint (normal execution)

VM Mutex/Monitor currently owned by a thread: None

Heap:
 PSYoungGen      total 76288K, used 13108K [0x00000000eab00000, 0x00000000f0000000, 0x0000000100000000)
  eden space 65536K, 20% used [0x00000000eab00000,0x00000000eb7cd060,0x00000000eeb00000)
  from space 10752K, 0% used [0x00000000ef580000,0x00000000ef580000,0x00000000f0000000)
  to   space 10752K, 0% used [0x00000000eeb00000,0x00000000eeb00000,0x00000000ef580000)
 ParOldGen       total 175104K, used 0K [0x00000000c0000000, 0x00000000cab00000, 0x00000000eab00000)
  object space 175104K, 0% used [0x00000000c0000000,0x00000000c0000000,0x00000000cab00000)
 Metaspace       used 4625K, capacity 5872K, committed 6016K, reserved 1058816K
  class space    used 509K, capacity 552K, committed 640K, reserved 1048576K

Card table byte_map: [0x00000000118a0000,0x0000000011ab0000] byte_map_base: 0x00000000112a0000

Marking Bits: (ParMarkBitMap*) 0x000000006e0a64f0
 Begin Bits: [0x0000000012410000, 0x0000000013410000)
 End Bits:   [0x0000000013410000, 0x0000000014410000)

Polling page: 0x0000000002130000

CodeCache: size=245760Kb used=1893Kb max_used=1901Kb free=243866Kb
 bounds [0x00000000024e0000, 0x0000000002750000, 0x00000000114e0000]
 total_blobs=628 nmethods=371 adapters=170
 compilation: enabled

Compilation events (10 events):
Event: 0.551 Thread 0x0000000016f15000 nmethod 357 0x00000000026b3fd0 code [0x00000000026b4140, 0x00000000026b4450]
Event: 0.551 Thread 0x0000000016f15000  356       3       java.util.ArrayList::<init> (12 bytes)
Event: 0.551 Thread 0x0000000016f15000 nmethod 356 0x00000000026b44d0 code [0x00000000026b4640, 0x00000000026b48d0]
Event: 0.551 Thread 0x0000000016f15000  361       3       java.util.Arrays::copyOf (46 bytes)
Event: 0.551 Thread 0x0000000016f15000 nmethod 361 0x00000000026b49d0 code [0x00000000026b4b80, 0x00000000026b5228]
Event: 0.551 Thread 0x0000000016f15000  358  s    3       java.util.Vector::elementAt (48 bytes)
Event: 0.552 Thread 0x0000000016f15000 nmethod 358 0x00000000026b5410 code [0x00000000026b5620, 0x00000000026b61e8]
Event: 0.552 Thread 0x0000000016f15000  364       3       java.util.BitSet::cardinality (32 bytes)
Event: 0.552 Thread 0x0000000016f15000 nmethod 364 0x00000000026b67d0 code [0x00000000026b6940, 0x00000000026b6bc8]
Event: 0.552 Thread 0x0000000016f15000  365       3       java.lang.Long::bitCount (61 bytes)

GC Heap History (0 events):
No events

Deoptimization events (0 events):
No events

Internal exceptions (2 events):
Event: 0.255 Thread 0x000000000215d800 Exception <a 'java/lang/NoSuchMethodError': Method sun.misc.Unsafe.defineClass(Ljava/lang/String;[BII)Ljava/lang/Class; name or signature does not match> (0x00000000eab07cc0) thrown at [D:\re\workspace\8-2-build-windows-amd64-cygwin\jdk8u92\6642\hotspot\sr°Î˜¡LVÐ?
Event: 0.255 Thread 0x000000000215d800 Exception <a 'java/lang/NoSuchMethodError': Method sun.misc.Unsafe.prefetchRead(Ljava/lang/Object;J)V name or signature does not match> (0x00000000eab07fa8) thrown at [D:\re\workspace\8-2-build-windows-amd64-cygwin\jdk8u92\6642\hotspot\src\share\vm\prims\j

Events (10 events):
Event: 0.550 loading class com/android/dx/ssa/SetFactory
Event: 0.550 loading class com/android/dx/ssa/SetFactory done
Event: 0.551 loading class com/android/dx/util/IntSet
Event: 0.551 loading class com/android/dx/util/IntSet done
Event: 0.551 loading class com/android/dx/util/BitIntSet
Event: 0.551 loading class com/android/dx/util/BitIntSet done
Event: 0.551 loading class com/android/dx/util/IntIterator
Event: 0.551 loading class com/android/dx/util/IntIterator done
Event: 0.552 loading class com/android/dx/util/BitIntSet$1
Event: 0.552 loading class com/android/dx/util/BitIntSet$1 done


Dynamic libraries:
0x00007ff7ccc10000 - 0x00007ff7ccc47000 	C:\Program Files\Java\jdk1.8.0_92\bin\java.exe
0x00007ffed7180000 - 0x00007ffed7341000 	C:\WINDOWS\SYSTEM32\ntdll.dll
0x00007ffed6b50000 - 0x00007ffed6bfd000 	C:\WINDOWS\system32\KERNEL32.DLL
0x00007ffed4370000 - 0x00007ffed4558000 	C:\WINDOWS\system32\KERNELBASE.dll
0x00007ffed5bf0000 - 0x00007ffed5c97000 	C:\WINDOWS\system32\ADVAPI32.dll
0x00007ffed6830000 - 0x00007ffed68cd000 	C:\WINDOWS\system32\msvcrt.dll
0x00007ffed5d50000 - 0x00007ffed5dab000 	C:\WINDOWS\system32\sechost.dll
0x00007ffed62e0000 - 0x00007ffed63fc000 	C:\WINDOWS\system32\RPCRT4.dll
0x00007ffed7020000 - 0x00007ffed7176000 	C:\WINDOWS\system32\USER32.dll
0x00007ffed6e90000 - 0x00007ffed7016000 	C:\WINDOWS\system32\GDI32.dll
0x00007ffece610000 - 0x00007ffece884000 	C:\WINDOWS\WinSxS\amd64_microsoft.windows.common-controls_6595b64144ccf1df_6.0.10586.589_none_a2ddb3caa539acce\COMCTL32.dll
0x00007ffed5fe0000 - 0x00007ffed625d000 	C:\WINDOWS\system32\combase.dll
0x00007ffed3830000 - 0x00007ffed389a000 	C:\WINDOWS\system32\bcryptPrimitives.dll
0x00007ffed68e0000 - 0x00007ffed691b000 	C:\WINDOWS\system32\IMM32.DLL
0x000000006d410000 - 0x000000006d4e2000 	C:\Program Files\Java\jdk1.8.0_92\jre\bin\msvcr100.dll
0x000000006d890000 - 0x000000006e126000 	C:\Program Files\Java\jdk1.8.0_92\jre\bin\server\jvm.dll
0x00007ffed6a80000 - 0x00007ffed6a88000 	C:\WINDOWS\system32\PSAPI.DLL
0x00007ffec3600000 - 0x00007ffec3609000 	C:\WINDOWS\SYSTEM32\WSOCK32.dll
0x00007ffed6270000 - 0x00007ffed62db000 	C:\WINDOWS\system32\WS2_32.dll
0x00007ffed18c0000 - 0x00007ffed18e3000 	C:\WINDOWS\SYSTEM32\WINMM.dll
0x00007ffece9d0000 - 0x00007ffece9da000 	C:\WINDOWS\SYSTEM32\VERSION.dll
0x00007ffed1850000 - 0x00007ffed187c000 	C:\WINDOWS\SYSTEM32\WINMMBASE.dll
0x00007ffed4150000 - 0x00007ffed4193000 	C:\WINDOWS\system32\cfgmgr32.dll
0x0000000070230000 - 0x000000007023f000 	C:\Program Files\Java\jdk1.8.0_92\jre\bin\verify.dll
0x000000006d860000 - 0x000000006d889000 	C:\Program Files\Java\jdk1.8.0_92\jre\bin\java.dll
0x000000006d840000 - 0x000000006d856000 	C:\Program Files\Java\jdk1.8.0_92\jre\bin\zip.dll
0x00007ffed4580000 - 0x00007ffed5adc000 	C:\WINDOWS\system32\SHELL32.dll
0x00007ffed3a40000 - 0x00007ffed4085000 	C:\WINDOWS\system32\windows.storage.dll
0x00007ffed5db0000 - 0x00007ffed5e02000 	C:\WINDOWS\system32\shlwapi.dll
0x00007ffed37a0000 - 0x00007ffed37af000 	C:\WINDOWS\system32\kernel.appcore.dll
0x00007ffed4090000 - 0x00007ffed4145000 	C:\WINDOWS\system32\shcore.dll
0x00007ffed37e0000 - 0x00007ffed382b000 	C:\WINDOWS\system32\powrprof.dll
0x00007ffed37c0000 - 0x00007ffed37d4000 	C:\WINDOWS\system32\profapi.dll

VM Arguments:
jvm_args: -Djava.awt.headless=true -Xmx1024M -Dfile.encoding=windows-1252 -Duser.country=US -Duser.language=en -Duser.variant 
java_command: com.android.dx.command.Main --dex --force-jumbo --num-threads=4 --multi-dex --output D:\Peta\CamaraAlertaAndroid\CamaraAlerta\app\build\intermediates\transforms\dex\debug\folders\1000\5\slice_2 D:\Peta\CamaraAlertaAndroid\CamaraAlerta\app\build\intermediates\transforms\instantRunSlicer\debug\folders\1\5\slice_2
java_class_path (initial): E:\Android\sdk\build-tools\23.0.3\lib\dx.jar
Launcher Type: SUN_STANDARD

Environment Variables:
JAVA_HOME=C:\Program Files\Java\jdk1.8.0_92
PATH=C:\ProgramData\Oracle\Java\javapath;C:\Program Files\Broadcom\Broadcom 802.11 Network Adapter;C:\Program Files (x86)\Intel\iCLS Client\;C:\Program Files\Intel\iCLS Client\;C:\Windows\system32;C:\Windows;C:\Windows\System32\Wbem;C:\Windows\System32\WindowsPowerShell\v1.0\;C:\Program Files\Intel\Intel(R) Management Engine Components\DAL;C:\Program Files\Intel\Intel(R) Management Engine Components\IPT;C:\Program Files (x86)\Intel\Intel(R) Management Engine Components\DAL;C:\Program Files (x86)\Intel\Intel(R) Management Engine Components\IPT;C:\Program Files\WIDCOMM\Bluetooth Software\;C:\Program Files\WIDCOMM\Bluetooth Software\syswow64;C:\Program Files (x86)\Windows Live\Shared;"C:\Program Files\Java\jdk1.8.0_92\bin";C:\Program Files (x86)\Windows Kits\8.1\Windows Performance Toolkit\;C:\Program Files\Microsoft SQL Server\110\Tools\Binn\;C:\Program Files (x86)\NVIDIA Corporation\PhysX\Common;C:\WINDOWS\system32;C:\WINDOWS;C:\WINDOWS\System32\Wbem;C:\WINDOWS\System32\WindowsPowerShell\v1.0\;C:\WINDOWS\system32;C:\WINDOWS;C:\WINDOWS\System32\Wbem;C:\WINDOWS\System32\WindowsPowerShell\v1.0\;C:\Program Files (x86)\Skype\Phone\;D:\FPC\3.0.0\bin\i386-Win32;E:\Git\cmd;E:\CodeBlocks\MinGW\bin;C:\GnuWin32\bin;C:\Program Files (x86)\SSH Communications Security\SSH Secure Shell;C:\Users\Lucas\AppData\Local\Enthought\Canopy\User;C:\Users\Lucas\AppData\Local\Enthought\Canopy\User\Scripts;C:\Users\Lucas\AppData\Local\Programs\MiKTeX 2.9\miktex\bin\x64\
USERNAME=Lucas
OS=Windows_NT
PROCESSOR_IDENTIFIER=Intel64 Family 6 Model 60 Stepping 3, GenuineIntel



---------------  S Y S T E M  ---------------

OS: Windows 10.0 , 64 bit Build 10586 (10.0.10586.589)

CPU:total 8 (4 cores per cpu, 2 threads per core) family 6 model 60 stepping 3, cmov, cx8, fxsr, mmx, sse, sse2, sse3, ssse3, sse4.1, sse4.2, popcnt, avx, avx2, aes, clmul, erms, lzcnt, ht, tsc, tscinvbit, bmi1, bmi2

Memory: 4k page, physical 16657368k(4880548k free), swap 22038780k(4984k free)

vm_info: Java HotSpot(TM) 64-Bit Server VM (25.92-b14) for windows-amd64 JRE (1.8.0_92-b14), built on Mar 31 2016 21:03:04 by "java_re" with MS VC++ 10.0 (VS2010)

time: Sun Sep 18 15:46:31 2016
elapsed time: 0 seconds (0d 0h 0m 0s)

